build/outputs/logs/manifest-merger-debug-report.txt
-- Merging decision tree log ---
manifest
ADDED from android_stdio_workspace\JPushExample\AndroidManifest.xml:2:1-221:12
INJECTED from android_stdio_workspace\JPushExample\AndroidManifest.xml:2:1-221:12
INJECTED from android_stdio_workspace\JPushExample\AndroidManifest.xml:2:1-221:12
INJECTED from android_stdio_workspace\JPushExample\AndroidManifest.xml:2:1-221:12
INJECTED from android_stdio_workspace\JPushExample\AndroidManifest.xml:2:1-221:12
	package
		ADDED from android_stdio_workspace\JPushExample\AndroidManifest.xml:3:5-39
	android:versionName
		ADDED from android_stdio_workspace\JPushExample\AndroidManifest.xml:5:5-32
		INJECTED from android_stdio_workspace\JPushExample\AndroidManifest.xml
		INJECTED from android_stdio_workspace\JPushExample\AndroidManifest.xml
	xmlns:android
		ADDED from android_stdio_workspace\JPushExample\AndroidManifest.xml:2:11-69
	android:versionCode
		ADDED from android_stdio_workspace\JPushExample\AndroidManifest.xml:4:5-30
		INJECTED from android_stdio_workspace\JPushExample\AndroidManifest.xml
		INJECTED from android_stdio_workspace\JPushExample\AndroidManifest.xml
uses-sdk
ADDED from android_stdio_workspace\JPushExample\AndroidManifest.xml:7:5-74
	android:targetSdkVersion
		ADDED from android_stdio_workspace\JPushExample\AndroidManifest.xml:7:42-71
	android:minSdkVersion
		ADDED from android_stdio_workspace\JPushExample\AndroidManifest.xml:7:15-41
permission#cn.alauncher.ioth.client.permission.JPUSH_MESSAGE
ADDED from android_stdio_workspace\JPushExample\AndroidManifest.xml:10:5-12:47
	android:protectionLevel
		ADDED from android_stdio_workspace\JPushExample\AndroidManifest.xml:12:9-44
	android:name
		ADDED from android_stdio_workspace\JPushExample\AndroidManifest.xml:11:9-73
uses-permission#cn.alauncher.ioth.client.permission.JPUSH_MESSAGE
ADDED from android_stdio_workspace\JPushExample\AndroidManifest.xml:15:5-89
	android:name
		ADDED from android_stdio_workspace\JPushExample\AndroidManifest.xml:15:22-86
uses-permission#android.permission.RECEIVE_USER_PRESENT
ADDED from android_stdio_workspace\JPushExample\AndroidManifest.xml:16:5-79
	android:name
		ADDED from android_stdio_workspace\JPushExample\AndroidManifest.xml:16:22-76
uses-permission#android.permission.INTERNET
ADDED from android_stdio_workspace\JPushExample\AndroidManifest.xml:17:5-67
	android:name
		ADDED from android_stdio_workspace\JPushExample\AndroidManifest.xml:17:22-64
uses-permission#android.permission.WAKE_LOCK
ADDED from android_stdio_workspace\JPushExample\AndroidManifest.xml:18:5-68
	android:name
		ADDED from android_stdio_workspace\JPushExample\AndroidManifest.xml:18:22-65
uses-permission#android.permission.READ_PHONE_STATE
ADDED from android_stdio_workspace\JPushExample\AndroidManifest.xml:19:5-75
	android:name
		ADDED from android_stdio_workspace\JPushExample\AndroidManifest.xml:19:22-72
uses-permission#android.permission.WRITE_EXTERNAL_STORAGE
ADDED from android_stdio_workspace\JPushExample\AndroidManifest.xml:20:5-81
	android:name
		ADDED from android_stdio_workspace\JPushExample\AndroidManifest.xml:20:22-78
uses-permission#android.permission.READ_EXTERNAL_STORAGE
ADDED from android_stdio_workspace\JPushExample\AndroidManifest.xml:21:5-80
	android:name
		ADDED from android_stdio_workspace\JPushExample\AndroidManifest.xml:21:22-77
uses-permission#android.permission.WRITE_SETTINGS
ADDED from android_stdio_workspace\JPushExample\AndroidManifest.xml:22:5-73
	android:name
		ADDED from android_stdio_workspace\JPushExample\AndroidManifest.xml:22:22-70
uses-permission#android.permission.VIBRATE
ADDED from android_stdio_workspace\JPushExample\AndroidManifest.xml:23:5-66
	android:name
		ADDED from android_stdio_workspace\JPushExample\AndroidManifest.xml:23:22-63
uses-permission#android.permission.MOUNT_UNMOUNT_FILESYSTEMS
ADDED from android_stdio_workspace\JPushExample\AndroidManifest.xml:24:5-84
	android:name
		ADDED from android_stdio_workspace\JPushExample\AndroidManifest.xml:24:22-81
uses-permission#android.permission.ACCESS_NETWORK_STATE
ADDED from android_stdio_workspace\JPushExample\AndroidManifest.xml:25:5-79
	android:name
		ADDED from android_stdio_workspace\JPushExample\AndroidManifest.xml:25:22-76
uses-permission#android.permission.ACCESS_WIFI_STATE
ADDED from android_stdio_workspace\JPushExample\AndroidManifest.xml:26:5-76
	android:name
		ADDED from android_stdio_workspace\JPushExample\AndroidManifest.xml:26:22-73
uses-permission#android.permission.RECEIVE_BOOT_COMPLETED
ADDED from android_stdio_workspace\JPushExample\AndroidManifest.xml:27:5-81
	android:name
		ADDED from android_stdio_workspace\JPushExample\AndroidManifest.xml:27:22-78
uses-permission#android.permission.SYSTEM_ALERT_WINDOW
ADDED from android_stdio_workspace\JPushExample\AndroidManifest.xml:32:5-78
	android:name
		ADDED from android_stdio_workspace\JPushExample\AndroidManifest.xml:32:22-75
uses-permission#android.permission.ACCESS_COARSE_LOCATION
ADDED from android_stdio_workspace\JPushExample\AndroidManifest.xml:33:5-81
	android:name
		ADDED from android_stdio_workspace\JPushExample\AndroidManifest.xml:33:22-78
uses-permission#android.permission.CHANGE_WIFI_STATE
ADDED from android_stdio_workspace\JPushExample\AndroidManifest.xml:34:5-76
	android:name
		ADDED from android_stdio_workspace\JPushExample\AndroidManifest.xml:34:22-73
uses-permission#android.permission.ACCESS_FINE_LOCATION
ADDED from android_stdio_workspace\JPushExample\AndroidManifest.xml:35:5-79
	android:name
		ADDED from android_stdio_workspace\JPushExample\AndroidManifest.xml:35:22-76
uses-permission#android.permission.ACCESS_LOCATION_EXTRA_COMMANDS
ADDED from android_stdio_workspace\JPushExample\AndroidManifest.xml:36:5-89
	android:name
		ADDED from android_stdio_workspace\JPushExample\AndroidManifest.xml:36:22-86
uses-permission#android.permission.CHANGE_NETWORK_STATE
ADDED from android_stdio_workspace\JPushExample\AndroidManifest.xml:37:5-79
	android:name
		ADDED from android_stdio_workspace\JPushExample\AndroidManifest.xml:37:22-76
uses-permission#android.permission.CAMERA
ADDED from android_stdio_workspace\JPushExample\AndroidManifest.xml:39:5-65
	android:name
		ADDED from android_stdio_workspace\JPushExample\AndroidManifest.xml:39:22-62
uses-permission#android.permission.FLASHLIGHT
ADDED from android_stdio_workspace\JPushExample\AndroidManifest.xml:40:5-69
	android:name
		ADDED from android_stdio_workspace\JPushExample\AndroidManifest.xml:40:22-66
uses-feature#android.hardware.camera
ADDED from android_stdio_workspace\JPushExample\AndroidManifest.xml:42:5-60
	android:name
		ADDED from android_stdio_workspace\JPushExample\AndroidManifest.xml:42:19-57
uses-feature#android.hardware.camera.autofocus
ADDED from android_stdio_workspace\JPushExample\AndroidManifest.xml:43:5-70
	android:name
		ADDED from android_stdio_workspace\JPushExample\AndroidManifest.xml:43:19-67
application
ADDED from android_stdio_workspace\JPushExample\AndroidManifest.xml:47:5-220:19
	android:label
		ADDED from android_stdio_workspace\JPushExample\AndroidManifest.xml:50:9-41
	android:icon
		ADDED from android_stdio_workspace\JPushExample\AndroidManifest.xml:48:9-45
	android:allowBackup
		ADDED from android_stdio_workspace\JPushExample\AndroidManifest.xml:49:9-36
	android:name
		ADDED from android_stdio_workspace\JPushExample\AndroidManifest.xml:51:9-64
activity#com.example.jpushdemo.LauncherActivity
ADDED from android_stdio_workspace\JPushExample\AndroidManifest.xml:54:9-62:20
	android:label
		ADDED from android_stdio_workspace\JPushExample\AndroidManifest.xml:57:13-45
	android:theme
		ADDED from android_stdio_workspace\JPushExample\AndroidManifest.xml:56:13-72
	android:name
		ADDED from android_stdio_workspace\JPushExample\AndroidManifest.xml:55:13-66
intent-filter#action:name:android.intent.action.MAIN+category:name:android.intent.category.LAUNCHER
ADDED from android_stdio_workspace\JPushExample\AndroidManifest.xml:58:13-61:29
action#android.intent.action.MAIN
ADDED from android_stdio_workspace\JPushExample\AndroidManifest.xml:59:17-69
	android:name
		ADDED from android_stdio_workspace\JPushExample\AndroidManifest.xml:59:25-66
category#android.intent.category.LAUNCHER
ADDED from android_stdio_workspace\JPushExample\AndroidManifest.xml:60:17-77
	android:name
		ADDED from android_stdio_workspace\JPushExample\AndroidManifest.xml:60:27-74
activity#com.example.jpushdemo.DeviceActivity
ADDED from android_stdio_workspace\JPushExample\AndroidManifest.xml:64:9-71:20
	android:label
		ADDED from android_stdio_workspace\JPushExample\AndroidManifest.xml:67:9-41
	android:theme
		ADDED from android_stdio_workspace\JPushExample\AndroidManifest.xml:66:9-68
	android:name
		ADDED from android_stdio_workspace\JPushExample\AndroidManifest.xml:65:9-60
intent-filter#category:name:android.intent.category.DEFAULT
ADDED from android_stdio_workspace\JPushExample\AndroidManifest.xml:68:9-70:25
category#android.intent.category.DEFAULT
ADDED from android_stdio_workspace\JPushExample\AndroidManifest.xml:69:13-72
	android:name
		ADDED from android_stdio_workspace\JPushExample\AndroidManifest.xml:69:23-69
activity#com.example.wifilink.WifiLinkActivity
ADDED from android_stdio_workspace\JPushExample\AndroidManifest.xml:73:9-80:20
	android:label
		ADDED from android_stdio_workspace\JPushExample\AndroidManifest.xml:76:13-45
	android:theme
		ADDED from android_stdio_workspace\JPushExample\AndroidManifest.xml:75:13-72
	android:name
		ADDED from android_stdio_workspace\JPushExample\AndroidManifest.xml:74:13-65
activity#com.dtr.zxing.activity.CaptureActivity
ADDED from android_stdio_workspace\JPushExample\AndroidManifest.xml:82:9-86:20
	android:screenOrientation
		ADDED from android_stdio_workspace\JPushExample\AndroidManifest.xml:84:13-49
	android:theme
		ADDED from android_stdio_workspace\JPushExample\AndroidManifest.xml:85:13-66
	android:name
		ADDED from android_stdio_workspace\JPushExample\AndroidManifest.xml:83:13-66
activity#com.dtr.zxing.activity.ResultActivity
ADDED from android_stdio_workspace\JPushExample\AndroidManifest.xml:87:9-90:69
	android:screenOrientation
		ADDED from android_stdio_workspace\JPushExample\AndroidManifest.xml:89:13-49
	android:theme
		ADDED from android_stdio_workspace\JPushExample\AndroidManifest.xml:90:13-66
	android:name
		ADDED from android_stdio_workspace\JPushExample\AndroidManifest.xml:88:13-65
activity#com.example.jpushdemo.PushSetActivity
ADDED from android_stdio_workspace\JPushExample\AndroidManifest.xml:92:8-115
	android:label
		ADDED from android_stdio_workspace\JPushExample\AndroidManifest.xml:92:71-103
	android:name
		ADDED from android_stdio_workspace\JPushExample\AndroidManifest.xml:92:18-70
activity#com.example.jpushdemo.SettingActivity
ADDED from android_stdio_workspace\JPushExample\AndroidManifest.xml:94:8-115
	android:label
		ADDED from android_stdio_workspace\JPushExample\AndroidManifest.xml:94:71-103
	android:name
		ADDED from android_stdio_workspace\JPushExample\AndroidManifest.xml:94:18-70
activity#com.example.jpushdemo.TestActivity
ADDED from android_stdio_workspace\JPushExample\AndroidManifest.xml:96:9-101:20
	android:exported
		ADDED from android_stdio_workspace\JPushExample\AndroidManifest.xml:96:69-93
	android:name
		ADDED from android_stdio_workspace\JPushExample\AndroidManifest.xml:96:19-68
intent-filter#action:name:jpush.testAction+category:name:jpush.testCategory
ADDED from android_stdio_workspace\JPushExample\AndroidManifest.xml:97:13-100:29
action#jpush.testAction
ADDED from android_stdio_workspace\JPushExample\AndroidManifest.xml:98:17-59
	android:name
		ADDED from android_stdio_workspace\JPushExample\AndroidManifest.xml:98:25-56
category#jpush.testCategory
ADDED from android_stdio_workspace\JPushExample\AndroidManifest.xml:99:17-63
	android:name
		ADDED from android_stdio_workspace\JPushExample\AndroidManifest.xml:99:27-60
activity#cn.jpush.android.ui.PopWinActivity
ADDED from android_stdio_workspace\JPushExample\AndroidManifest.xml:104:9-108:20
	android:exported
		ADDED from android_stdio_workspace\JPushExample\AndroidManifest.xml:107:13-37
	android:theme
		ADDED from android_stdio_workspace\JPushExample\AndroidManifest.xml:106:13-49
	android:name
		ADDED from android_stdio_workspace\JPushExample\AndroidManifest.xml:105:13-62
activity#cn.jpush.android.ui.PushActivity
ADDED from android_stdio_workspace\JPushExample\AndroidManifest.xml:111:9-121:20
	android:exported
		ADDED from android_stdio_workspace\JPushExample\AndroidManifest.xml:115:13-37
	android:configChanges
		ADDED from android_stdio_workspace\JPushExample\AndroidManifest.xml:113:13-63
	android:theme
		ADDED from android_stdio_workspace\JPushExample\AndroidManifest.xml:114:13-60
	android:name
		ADDED from android_stdio_workspace\JPushExample\AndroidManifest.xml:112:13-60
intent-filter#action:name:cn.jpush.android.ui.PushActivity+category:name:android.intent.category.DEFAULT+category:name:cn.alauncher.ioth.client
ADDED from android_stdio_workspace\JPushExample\AndroidManifest.xml:116:13-120:29
action#cn.jpush.android.ui.PushActivity
ADDED from android_stdio_workspace\JPushExample\AndroidManifest.xml:117:17-75
	android:name
		ADDED from android_stdio_workspace\JPushExample\AndroidManifest.xml:117:25-72
category#cn.alauncher.ioth.client
ADDED from android_stdio_workspace\JPushExample\AndroidManifest.xml:119:17-69
	android:name
		ADDED from android_stdio_workspace\JPushExample\AndroidManifest.xml:119:27-66
service#cn.jpush.android.service.PushService
ADDED from android_stdio_workspace\JPushExample\AndroidManifest.xml:125:9-135:19
	android:process
		ADDED from android_stdio_workspace\JPushExample\AndroidManifest.xml:127:13-36
	android:exported
		ADDED from android_stdio_workspace\JPushExample\AndroidManifest.xml:128:13-37
	android:name
		ADDED from android_stdio_workspace\JPushExample\AndroidManifest.xml:126:13-64
intent-filter#action:name:cn.jpush.android.intent.PUSH_TIME+action:name:cn.jpush.android.intent.PushService+action:name:cn.jpush.android.intent.REGISTER+action:name:cn.jpush.android.intent.REPORT
ADDED from android_stdio_workspace\JPushExample\AndroidManifest.xml:129:13-134:29
action#cn.jpush.android.intent.REGISTER
ADDED from android_stdio_workspace\JPushExample\AndroidManifest.xml:130:17-75
	android:name
		ADDED from android_stdio_workspace\JPushExample\AndroidManifest.xml:130:25-72
action#cn.jpush.android.intent.REPORT
ADDED from android_stdio_workspace\JPushExample\AndroidManifest.xml:131:17-73
	android:name
		ADDED from android_stdio_workspace\JPushExample\AndroidManifest.xml:131:25-70
action#cn.jpush.android.intent.PushService
ADDED from android_stdio_workspace\JPushExample\AndroidManifest.xml:132:17-78
	android:name
		ADDED from android_stdio_workspace\JPushExample\AndroidManifest.xml:132:25-75
action#cn.jpush.android.intent.PUSH_TIME
ADDED from android_stdio_workspace\JPushExample\AndroidManifest.xml:133:17-76
	android:name
		ADDED from android_stdio_workspace\JPushExample\AndroidManifest.xml:133:25-73
provider#cn.jpush.android.service.DataProvider
ADDED from android_stdio_workspace\JPushExample\AndroidManifest.xml:137:9-141:11
	android:authorities
		ADDED from android_stdio_workspace\JPushExample\AndroidManifest.xml:138:13-72
	android:exported
		ADDED from android_stdio_workspace\JPushExample\AndroidManifest.xml:140:13-37
	android:name
		ADDED from android_stdio_workspace\JPushExample\AndroidManifest.xml:139:13-65
service#cn.jpush.android.service.DaemonService
ADDED from android_stdio_workspace\JPushExample\AndroidManifest.xml:145:9-154:19
	android:enabled
		ADDED from android_stdio_workspace\JPushExample\AndroidManifest.xml:147:13-35
	android:exported
		ADDED from android_stdio_workspace\JPushExample\AndroidManifest.xml:148:13-36
	android:name
		ADDED from android_stdio_workspace\JPushExample\AndroidManifest.xml:146:13-66
intent-filter#action:name:cn.jpush.android.intent.DaemonService+category:name:cn.alauncher.ioth.client
ADDED from android_stdio_workspace\JPushExample\AndroidManifest.xml:149:13-152:29
action#cn.jpush.android.intent.DaemonService
ADDED from android_stdio_workspace\JPushExample\AndroidManifest.xml:150:17-80
	android:name
		ADDED from android_stdio_workspace\JPushExample\AndroidManifest.xml:150:25-77
provider#cn.jpush.android.service.DownloadProvider
ADDED from android_stdio_workspace\JPushExample\AndroidManifest.xml:156:9-160:11
	android:authorities
		ADDED from android_stdio_workspace\JPushExample\AndroidManifest.xml:157:13-76
	android:exported
		ADDED from android_stdio_workspace\JPushExample\AndroidManifest.xml:159:13-36
	android:name
		ADDED from android_stdio_workspace\JPushExample\AndroidManifest.xml:158:13-69
receiver#cn.jpush.android.service.PushReceiver
ADDED from android_stdio_workspace\JPushExample\AndroidManifest.xml:162:9-181:20
	android:enabled
		ADDED from android_stdio_workspace\JPushExample\AndroidManifest.xml:164:13-35
	android:exported
		ADDED from android_stdio_workspace\JPushExample\AndroidManifest.xml:165:13-37
	android:name
		ADDED from android_stdio_workspace\JPushExample\AndroidManifest.xml:163:13-65
intent-filter#action:name:cn.jpush.android.intent.NOTIFICATION_RECEIVED_PROXY+category:name:cn.alauncher.ioth.client
ADDED from android_stdio_workspace\JPushExample\AndroidManifest.xml:166:13-169:29
	android:priority
		ADDED from android_stdio_workspace\JPushExample\AndroidManifest.xml:166:28-51
action#cn.jpush.android.intent.NOTIFICATION_RECEIVED_PROXY
ADDED from android_stdio_workspace\JPushExample\AndroidManifest.xml:167:17-94
	android:name
		ADDED from android_stdio_workspace\JPushExample\AndroidManifest.xml:167:25-91
intent-filter#action:name:android.intent.action.USER_PRESENT+action:name:android.net.conn.CONNECTIVITY_CHANGE
ADDED from android_stdio_workspace\JPushExample\AndroidManifest.xml:170:13-173:29
action#android.intent.action.USER_PRESENT
ADDED from android_stdio_workspace\JPushExample\AndroidManifest.xml:171:17-77
	android:name
		ADDED from android_stdio_workspace\JPushExample\AndroidManifest.xml:171:25-74
action#android.net.conn.CONNECTIVITY_CHANGE
ADDED from android_stdio_workspace\JPushExample\AndroidManifest.xml:172:17-79
	android:name
		ADDED from android_stdio_workspace\JPushExample\AndroidManifest.xml:172:25-76
intent-filter#action:name:android.intent.action.PACKAGE_ADDED+action:name:android.intent.action.PACKAGE_REMOVED+data:scheme:package
ADDED from android_stdio_workspace\JPushExample\AndroidManifest.xml:175:13-180:29
action#android.intent.action.PACKAGE_ADDED
ADDED from android_stdio_workspace\JPushExample\AndroidManifest.xml:176:17-78
	android:name
		ADDED from android_stdio_workspace\JPushExample\AndroidManifest.xml:176:25-75
action#android.intent.action.PACKAGE_REMOVED
ADDED from android_stdio_workspace\JPushExample\AndroidManifest.xml:177:17-80
	android:name
		ADDED from android_stdio_workspace\JPushExample\AndroidManifest.xml:177:25-77
data
ADDED from android_stdio_workspace\JPushExample\AndroidManifest.xml:179:17-50
	android:scheme
		ADDED from android_stdio_workspace\JPushExample\AndroidManifest.xml:179:23-47
receiver#cn.jpush.android.service.AlarmReceiver
ADDED from android_stdio_workspace\JPushExample\AndroidManifest.xml:184:9-99
	android:exported
		ADDED from android_stdio_workspace\JPushExample\AndroidManifest.xml:184:73-97
	android:name
		ADDED from android_stdio_workspace\JPushExample\AndroidManifest.xml:184:19-72
receiver#com.example.jpushdemo.MyReceiver
ADDED from android_stdio_workspace\JPushExample\AndroidManifest.xml:187:9-199:20
	android:enabled
		ADDED from android_stdio_workspace\JPushExample\AndroidManifest.xml:190:13-35
	android:exported
		ADDED from android_stdio_workspace\JPushExample\AndroidManifest.xml:189:13-37
	android:name
		ADDED from android_stdio_workspace\JPushExample\AndroidManifest.xml:188:13-60
intent-filter#action:name:cn.jpush.android.intent.CONNECTION+action:name:cn.jpush.android.intent.MESSAGE_RECEIVED+action:name:cn.jpush.android.intent.NOTIFICATION_OPENED+action:name:cn.jpush.android.intent.NOTIFICATION_RECEIVED+action:name:cn.jpush.android.intent.REGISTRATION+category:name:cn.alauncher.ioth.client
ADDED from android_stdio_workspace\JPushExample\AndroidManifest.xml:191:13-198:29
action#cn.jpush.android.intent.REGISTRATION
ADDED from android_stdio_workspace\JPushExample\AndroidManifest.xml:192:17-79
	android:name
		ADDED from android_stdio_workspace\JPushExample\AndroidManifest.xml:192:25-76
action#cn.jpush.android.intent.MESSAGE_RECEIVED
ADDED from android_stdio_workspace\JPushExample\AndroidManifest.xml:193:17-83
	android:name
		ADDED from android_stdio_workspace\JPushExample\AndroidManifest.xml:193:25-80
action#cn.jpush.android.intent.NOTIFICATION_RECEIVED
ADDED from android_stdio_workspace\JPushExample\AndroidManifest.xml:194:17-88
	android:name
		ADDED from android_stdio_workspace\JPushExample\AndroidManifest.xml:194:25-85
action#cn.jpush.android.intent.NOTIFICATION_OPENED
ADDED from android_stdio_workspace\JPushExample\AndroidManifest.xml:195:17-86
	android:name
		ADDED from android_stdio_workspace\JPushExample\AndroidManifest.xml:195:25-83
action#cn.jpush.android.intent.CONNECTION
ADDED from android_stdio_workspace\JPushExample\AndroidManifest.xml:196:17-77
	android:name
		ADDED from android_stdio_workspace\JPushExample\AndroidManifest.xml:196:25-74
receiver#com.example.jpushdemo.MyJPushMessageReceiver
ADDED from android_stdio_workspace\JPushExample\AndroidManifest.xml:202:9-207:20
	android:name
		ADDED from android_stdio_workspace\JPushExample\AndroidManifest.xml:202:19-78
intent-filter#action:name:cn.jpush.android.intent.RECEIVE_MESSAGE+category:name:cn.alauncher.ioth.client
ADDED from android_stdio_workspace\JPushExample\AndroidManifest.xml:203:13-206:29
action#cn.jpush.android.intent.RECEIVE_MESSAGE
ADDED from android_stdio_workspace\JPushExample\AndroidManifest.xml:204:17-82
	android:name
		ADDED from android_stdio_workspace\JPushExample\AndroidManifest.xml:204:25-79
meta-data#JPUSH_CHANNEL
ADDED from android_stdio_workspace\JPushExample\AndroidManifest.xml:209:9-84
	android:value
		ADDED from android_stdio_workspace\JPushExample\AndroidManifest.xml:209:49-82
	android:name
		ADDED from android_stdio_workspace\JPushExample\AndroidManifest.xml:209:20-48
meta-data#JPUSH_APPKEY
ADDED from android_stdio_workspace\JPushExample\AndroidManifest.xml:210:9-91
	android:value
		ADDED from android_stdio_workspace\JPushExample\AndroidManifest.xml:210:48-88
	android:name
		ADDED from android_stdio_workspace\JPushExample\AndroidManifest.xml:210:20-47